<?xml version="1.0" encoding="UTF-8"?>
<coverage generated="1620926182034" clover="3.2.0">
  <project timestamp="1620926182034" name="All files">
    <metrics statements="55" coveredstatements="36" conditionals="24" coveredconditionals="12" methods="14" coveredmethods="14" elements="93" coveredelements="62" complexity="0" loc="55" ncloc="55" packages="2" files="3" classes="3"/>
    <package name="BaseAutoComplete">
      <metrics statements="47" coveredstatements="28" conditionals="20" coveredconditionals="8" methods="9" coveredmethods="9"/>
      <file name="SuggestionItem.vue" path="/Users/yuangong/workspace/homework/vue组件封装的基本思路/杨磊/src/components/BaseAutoComplete/SuggestionItem.vue">
        <metrics statements="23" coveredstatements="5" conditionals="12" coveredconditionals="1" methods="1" coveredmethods="1"/>
        <line num="29" count="2" type="stmt"/>
        <line num="30" count="2" type="stmt"/>
        <line num="32" count="2" type="cond" truecount="1" falsecount="1"/>
        <line num="33" count="2" type="stmt"/>
        <line num="37" count="2" type="stmt"/>
        <line num="39" count="0" type="stmt"/>
        <line num="40" count="0" type="stmt"/>
        <line num="41" count="0" type="stmt"/>
        <line num="42" count="0" type="stmt"/>
        <line num="43" count="0" type="stmt"/>
        <line num="46" count="0" type="cond" truecount="0" falsecount="2"/>
        <line num="47" count="0" type="stmt"/>
        <line num="51" count="0" type="stmt"/>
        <line num="53" count="0" type="stmt"/>
        <line num="54" count="0" type="stmt"/>
        <line num="55" count="0" type="cond" truecount="0" falsecount="2"/>
        <line num="56" count="0" type="stmt"/>
        <line num="61" count="0" type="stmt"/>
        <line num="65" count="0" type="cond" truecount="0" falsecount="4"/>
        <line num="69" count="0" type="cond" truecount="0" falsecount="2"/>
        <line num="70" count="0" type="stmt"/>
        <line num="76" count="0" type="stmt"/>
        <line num="78" count="0" type="stmt"/>
      </file>
      <file name="index.vue" path="/Users/yuangong/workspace/homework/vue组件封装的基本思路/杨磊/src/components/BaseAutoComplete/index.vue">
        <metrics statements="24" coveredstatements="23" conditionals="8" coveredconditionals="7" methods="8" coveredmethods="8"/>
        <line num="34" count="1" type="stmt"/>
        <line num="35" count="1" type="stmt"/>
        <line num="36" count="1" type="stmt"/>
        <line num="68" count="2" type="stmt"/>
        <line num="76" count="3" type="cond" truecount="2" falsecount="0"/>
        <line num="81" count="1" type="stmt"/>
        <line num="82" count="1" type="stmt"/>
        <line num="85" count="1" type="stmt"/>
        <line num="86" count="1" type="stmt"/>
        <line num="89" count="1" type="stmt"/>
        <line num="90" count="1" type="stmt"/>
        <line num="91" count="1" type="stmt"/>
        <line num="92" count="1" type="stmt"/>
        <line num="95" count="2" type="stmt"/>
        <line num="96" count="2" type="cond" truecount="1" falsecount="1"/>
        <line num="97" count="0" type="stmt"/>
        <line num="101" count="2" type="cond" truecount="2" falsecount="0"/>
        <line num="102" count="6" type="stmt"/>
        <line num="105" count="2" type="stmt"/>
        <line num="108" count="4" type="cond" truecount="2" falsecount="0"/>
        <line num="109" count="2" type="stmt"/>
        <line num="111" count="2" type="stmt"/>
        <line num="112" count="2" type="stmt"/>
        <line num="113" count="2" type="stmt"/>
      </file>
    </package>
    <package name="BaseInput">
      <metrics statements="8" coveredstatements="8" conditionals="4" coveredconditionals="4" methods="5" coveredmethods="5"/>
      <file name="index.vue" path="/Users/yuangong/workspace/homework/vue组件封装的基本思路/杨磊/src/components/BaseInput/index.vue">
        <metrics statements="8" coveredstatements="8" conditionals="4" coveredconditionals="4" methods="5" coveredmethods="5"/>
        <line num="15" count="5" type="stmt"/>
        <line num="21" count="8" type="stmt"/>
        <line num="24" count="1" type="stmt"/>
        <line num="32" count="3" type="cond" truecount="2" falsecount="0"/>
        <line num="33" count="1" type="stmt"/>
        <line num="37" count="2" type="cond" truecount="2" falsecount="0"/>
        <line num="38" count="1" type="stmt"/>
        <line num="39" count="1" type="stmt"/>
      </file>
    </package>
  </project>
</coverage>
