{"/Users/yuangong/workspace/homework/vue组件封装的基本思路/杨磊/src/components/BaseAutoComplete/SuggestionItem.vue": {"path":"/Users/yuangong/workspace/homework/vue组件封装的基本思路/杨磊/src/components/BaseAutoComplete/SuggestionItem.vue","statementMap":{"0":{"start":{"line":29,"column":0},"end":{"line":29,"column":null}},"1":{"start":{"line":30,"column":0},"end":{"line":30,"column":null}},"2":{"start":{"line":32,"column":0},"end":{"line":38,"column":null}},"3":{"start":{"line":33,"column":0},"end":{"line":33,"column":null}},"4":{"start":{"line":37,"column":0},"end":{"line":37,"column":null}},"5":{"start":{"line":39,"column":0},"end":{"line":39,"column":null}},"6":{"start":{"line":40,"column":0},"end":{"line":40,"column":null}},"7":{"start":{"line":41,"column":0},"end":{"line":41,"column":null}},"8":{"start":{"line":42,"column":0},"end":{"line":44,"column":null}},"9":{"start":{"line":43,"column":0},"end":{"line":43,"column":null}},"10":{"start":{"line":46,"column":0},"end":{"line":52,"column":null}},"11":{"start":{"line":47,"column":0},"end":{"line":47,"column":null}},"12":{"start":{"line":51,"column":0},"end":{"line":51,"column":null}},"13":{"start":{"line":53,"column":0},"end":{"line":77,"column":null}},"14":{"start":{"line":53,"column":0},"end":{"line":53,"column":null}},"15":{"start":{"line":54,"column":0},"end":{"line":54,"column":null}},"16":{"start":{"line":55,"column":0},"end":{"line":60,"column":null}},"17":{"start":{"line":56,"column":0},"end":{"line":56,"column":null}},"18":{"start":{"line":61,"column":0},"end":{"line":61,"column":null}},"19":{"start":{"line":65,"column":0},"end":{"line":75,"column":null}},"20":{"start":{"line":69,"column":0},"end":{"line":74,"column":null}},"21":{"start":{"line":70,"column":0},"end":{"line":70,"column":null}},"22":{"start":{"line":76,"column":0},"end":{"line":76,"column":null}},"23":{"start":{"line":78,"column":0},"end":{"line":78,"column":null}}},"fnMap":{"0":{"name":"(anonymous_1)","decl":{"start":{"line":28,"column":0},"end":{"line":28,"column":null}},"loc":{"start":{"line":28,"column":0},"end":{"line":79,"column":null}}}},"branchMap":{"0":{"loc":{"start":{"line":32,"column":0},"end":{"line":38,"column":null}},"type":"if","locations":[{"start":{"line":32,"column":0},"end":{"line":38,"column":null}},{"start":{"line":32,"column":0},"end":{"line":38,"column":null}}]},"1":{"loc":{"start":{"line":46,"column":0},"end":{"line":52,"column":null}},"type":"if","locations":[{"start":{"line":46,"column":0},"end":{"line":52,"column":null}},{"start":{"line":46,"column":0},"end":{"line":52,"column":null}}]},"2":{"loc":{"start":{"line":55,"column":0},"end":{"line":60,"column":null}},"type":"if","locations":[{"start":{"line":55,"column":0},"end":{"line":60,"column":null}},{"start":{"line":55,"column":0},"end":{"line":60,"column":null}}]},"3":{"loc":{"start":{"line":65,"column":0},"end":{"line":75,"column":null}},"type":"if","locations":[{"start":{"line":65,"column":0},"end":{"line":75,"column":null}},{"start":{"line":65,"column":0},"end":{"line":75,"column":null}}]},"4":{"loc":{"start":{"line":65,"column":0},"end":{"line":65,"column":null}},"type":"binary-expr","locations":[{"start":{"line":65,"column":0},"end":{"line":65,"column":null}},{"start":{"line":65,"column":0},"end":{"line":65,"column":null}}]},"5":{"loc":{"start":{"line":69,"column":0},"end":{"line":74,"column":null}},"type":"if","locations":[{"start":{"line":69,"column":0},"end":{"line":74,"column":null}},{"start":{"line":69,"column":0},"end":{"line":74,"column":null}}]}},"s":{"0":2,"1":2,"2":2,"3":2,"4":2,"5":0,"6":0,"7":0,"8":0,"9":0,"10":0,"11":0,"12":0,"13":0,"14":0,"15":0,"16":0,"17":0,"18":0,"19":0,"20":0,"21":0,"22":0,"23":0},"f":{"0":2},"b":{"0":[2,0],"1":[0,0],"2":[0,0],"3":[0,0],"4":[0,0],"5":[0,0]}}
,"/Users/yuangong/workspace/homework/vue组件封装的基本思路/杨磊/src/components/BaseAutoComplete/index.vue": {"path":"/Users/yuangong/workspace/homework/vue组件封装的基本思路/杨磊/src/components/BaseAutoComplete/index.vue","statementMap":{"0":{"start":{"line":34,"column":0},"end":{"line":34,"column":null}},"1":{"start":{"line":35,"column":0},"end":{"line":35,"column":null}},"2":{"start":{"line":36,"column":0},"end":{"line":36,"column":null}},"3":{"start":{"line":68,"column":0},"end":{"line":68,"column":null}},"4":{"start":{"line":76,"column":0},"end":{"line":76,"column":null}},"5":{"start":{"line":81,"column":0},"end":{"line":81,"column":null}},"6":{"start":{"line":82,"column":0},"end":{"line":82,"column":null}},"7":{"start":{"line":85,"column":0},"end":{"line":85,"column":null}},"8":{"start":{"line":86,"column":0},"end":{"line":86,"column":null}},"9":{"start":{"line":89,"column":0},"end":{"line":89,"column":null}},"10":{"start":{"line":90,"column":0},"end":{"line":90,"column":null}},"11":{"start":{"line":91,"column":0},"end":{"line":91,"column":null}},"12":{"start":{"line":92,"column":0},"end":{"line":92,"column":null}},"13":{"start":{"line":95,"column":0},"end":{"line":95,"column":null}},"14":{"start":{"line":96,"column":0},"end":{"line":100,"column":null}},"15":{"start":{"line":97,"column":0},"end":{"line":97,"column":null}},"16":{"start":{"line":101,"column":0},"end":{"line":101,"column":null}},"17":{"start":{"line":102,"column":0},"end":{"line":102,"column":null}},"18":{"start":{"line":105,"column":0},"end":{"line":105,"column":null}},"19":{"start":{"line":108,"column":0},"end":{"line":114,"column":null}},"20":{"start":{"line":109,"column":0},"end":{"line":109,"column":null}},"21":{"start":{"line":111,"column":0},"end":{"line":111,"column":null}},"22":{"start":{"line":112,"column":0},"end":{"line":112,"column":null}},"23":{"start":{"line":113,"column":0},"end":{"line":113,"column":null}}},"fnMap":{"0":{"name":"(anonymous_1)","decl":{"start":{"line":67,"column":0},"end":{"line":67,"column":null}},"loc":{"start":{"line":67,"column":0},"end":{"line":73,"column":null}}},"1":{"name":"(anonymous_2)","decl":{"start":{"line":75,"column":0},"end":{"line":75,"column":null}},"loc":{"start":{"line":75,"column":0},"end":{"line":77,"column":null}}},"2":{"name":"(anonymous_3)","decl":{"start":{"line":80,"column":0},"end":{"line":80,"column":null}},"loc":{"start":{"line":80,"column":0},"end":{"line":83,"column":null}}},"3":{"name":"(anonymous_4)","decl":{"start":{"line":84,"column":0},"end":{"line":84,"column":null}},"loc":{"start":{"line":84,"column":0},"end":{"line":87,"column":null}}},"4":{"name":"(anonymous_5)","decl":{"start":{"line":88,"column":0},"end":{"line":88,"column":null}},"loc":{"start":{"line":88,"column":0},"end":{"line":93,"column":null}}},"5":{"name":"(anonymous_6)","decl":{"start":{"line":94,"column":0},"end":{"line":94,"column":null}},"loc":{"start":{"line":94,"column":0},"end":{"line":106,"column":null}}},"6":{"name":"(anonymous_7)","decl":{"start":{"line":102,"column":0},"end":{"line":102,"column":null}},"loc":{"start":{"line":102,"column":0},"end":{"line":102,"column":null}}},"7":{"name":"(anonymous_8)","decl":{"start":{"line":107,"column":0},"end":{"line":107,"column":null}},"loc":{"start":{"line":107,"column":0},"end":{"line":115,"column":null}}}},"branchMap":{"0":{"loc":{"start":{"line":76,"column":0},"end":{"line":76,"column":null}},"type":"binary-expr","locations":[{"start":{"line":76,"column":0},"end":{"line":76,"column":null}},{"start":{"line":76,"column":0},"end":{"line":76,"column":null}}]},"1":{"loc":{"start":{"line":96,"column":0},"end":{"line":100,"column":null}},"type":"if","locations":[{"start":{"line":96,"column":0},"end":{"line":100,"column":null}},{"start":{"line":96,"column":0},"end":{"line":100,"column":null}}]},"2":{"loc":{"start":{"line":101,"column":0},"end":{"line":101,"column":null}},"type":"binary-expr","locations":[{"start":{"line":101,"column":0},"end":{"line":101,"column":null}},{"start":{"line":101,"column":0},"end":{"line":101,"column":null}}]},"3":{"loc":{"start":{"line":108,"column":0},"end":{"line":114,"column":null}},"type":"if","locations":[{"start":{"line":108,"column":0},"end":{"line":114,"column":null}},{"start":{"line":108,"column":0},"end":{"line":114,"column":null}}]}},"s":{"0":1,"1":1,"2":1,"3":2,"4":3,"5":1,"6":1,"7":1,"8":1,"9":1,"10":1,"11":1,"12":1,"13":2,"14":2,"15":0,"16":2,"17":6,"18":2,"19":4,"20":2,"21":2,"22":2,"23":2},"f":{"0":2,"1":3,"2":1,"3":1,"4":1,"5":2,"6":4,"7":4},"b":{"0":[3,2],"1":[0,2],"2":[2,2],"3":[2,2]}}
,"/Users/yuangong/workspace/homework/vue组件封装的基本思路/杨磊/src/components/BaseInput/index.vue": {"path":"/Users/yuangong/workspace/homework/vue组件封装的基本思路/杨磊/src/components/BaseInput/index.vue","statementMap":{"0":{"start":{"line":15,"column":0},"end":{"line":15,"column":null}},"1":{"start":{"line":21,"column":0},"end":{"line":21,"column":null}},"2":{"start":{"line":24,"column":0},"end":{"line":24,"column":null}},"3":{"start":{"line":32,"column":0},"end":{"line":34,"column":null}},"4":{"start":{"line":33,"column":0},"end":{"line":33,"column":null}},"5":{"start":{"line":37,"column":0},"end":{"line":40,"column":null}},"6":{"start":{"line":38,"column":0},"end":{"line":38,"column":null}},"7":{"start":{"line":39,"column":0},"end":{"line":39,"column":null}}},"fnMap":{"0":{"name":"(anonymous_1)","decl":{"start":{"line":14,"column":0},"end":{"line":14,"column":null}},"loc":{"start":{"line":14,"column":0},"end":{"line":18,"column":null}}},"1":{"name":"(anonymous_2)","decl":{"start":{"line":20,"column":0},"end":{"line":20,"column":null}},"loc":{"start":{"line":20,"column":0},"end":{"line":27,"column":null}}},"2":{"name":"(anonymous_3)","decl":{"start":{"line":24,"column":0},"end":{"line":24,"column":null}},"loc":{"start":{"line":24,"column":0},"end":{"line":24,"column":null}}},"3":{"name":"(anonymous_4)","decl":{"start":{"line":30,"column":0},"end":{"line":30,"column":null}},"loc":{"start":{"line":30,"column":0},"end":{"line":35,"column":null}}},"4":{"name":"(anonymous_5)","decl":{"start":{"line":36,"column":0},"end":{"line":36,"column":null}},"loc":{"start":{"line":36,"column":0},"end":{"line":41,"column":null}}}},"branchMap":{"0":{"loc":{"start":{"line":32,"column":0},"end":{"line":34,"column":null}},"type":"if","locations":[{"start":{"line":32,"column":0},"end":{"line":34,"column":null}},{"start":{"line":32,"column":0},"end":{"line":34,"column":null}}]},"1":{"loc":{"start":{"line":37,"column":0},"end":{"line":40,"column":null}},"type":"if","locations":[{"start":{"line":37,"column":0},"end":{"line":40,"column":null}},{"start":{"line":37,"column":0},"end":{"line":40,"column":null}}]}},"s":{"0":5,"1":8,"2":1,"3":3,"4":1,"5":2,"6":1,"7":1},"f":{"0":5,"1":8,"2":1,"3":3,"4":2},"b":{"0":[1,2],"1":[1,1]}}
}
