{"/Users/yuangong/workspace/homework/vue组件封装的基本思路/杨磊/src/components/BaseAutoComplete/index.vue": {"path":"/Users/yuangong/workspace/homework/vue组件封装的基本思路/杨磊/src/components/BaseAutoComplete/index.vue","statementMap":{"0":{"start":{"line":21,"column":0},"end":{"line":21,"column":null}},"1":{"start":{"line":22,"column":0},"end":{"line":22,"column":null}},"2":{"start":{"line":45,"column":0},"end":{"line":45,"column":null}},"3":{"start":{"line":51,"column":0},"end":{"line":51,"column":null}},"4":{"start":{"line":52,"column":0},"end":{"line":52,"column":null}},"5":{"start":{"line":55,"column":0},"end":{"line":55,"column":null}},"6":{"start":{"line":56,"column":0},"end":{"line":60,"column":null}},"7":{"start":{"line":57,"column":0},"end":{"line":57,"column":null}},"8":{"start":{"line":61,"column":0},"end":{"line":61,"column":null}}},"fnMap":{"0":{"name":"(anonymous_1)","decl":{"start":{"line":44,"column":0},"end":{"line":44,"column":null}},"loc":{"start":{"line":44,"column":0},"end":{"line":48,"column":null}}},"1":{"name":"(anonymous_2)","decl":{"start":{"line":50,"column":0},"end":{"line":50,"column":null}},"loc":{"start":{"line":50,"column":0},"end":{"line":53,"column":null}}},"2":{"name":"(anonymous_3)","decl":{"start":{"line":54,"column":0},"end":{"line":54,"column":null}},"loc":{"start":{"line":54,"column":0},"end":{"line":62,"column":null}}}},"branchMap":{"0":{"loc":{"start":{"line":56,"column":0},"end":{"line":60,"column":null}},"type":"if","locations":[{"start":{"line":56,"column":0},"end":{"line":60,"column":null}},{"start":{"line":56,"column":0},"end":{"line":60,"column":null}}]}},"s":{"0":0,"1":0,"2":0,"3":0,"4":0,"5":0,"6":0,"7":0,"8":0},"f":{"0":0,"1":0,"2":0},"b":{"0":[0,0]}}
,"/Users/yuangong/workspace/homework/vue组件封装的基本思路/杨磊/src/components/BaseInput/index.vue": {"path":"/Users/yuangong/workspace/homework/vue组件封装的基本思路/杨磊/src/components/BaseInput/index.vue","statementMap":{"0":{"start":{"line":15,"column":0},"end":{"line":15,"column":null}},"1":{"start":{"line":21,"column":0},"end":{"line":21,"column":null}},"2":{"start":{"line":24,"column":0},"end":{"line":24,"column":null}},"3":{"start":{"line":32,"column":0},"end":{"line":34,"column":null}},"4":{"start":{"line":33,"column":0},"end":{"line":33,"column":null}},"5":{"start":{"line":37,"column":0},"end":{"line":40,"column":null}},"6":{"start":{"line":38,"column":0},"end":{"line":38,"column":null}},"7":{"start":{"line":39,"column":0},"end":{"line":39,"column":null}}},"fnMap":{"0":{"name":"(anonymous_1)","decl":{"start":{"line":14,"column":0},"end":{"line":14,"column":null}},"loc":{"start":{"line":14,"column":0},"end":{"line":18,"column":null}}},"1":{"name":"(anonymous_2)","decl":{"start":{"line":20,"column":0},"end":{"line":20,"column":null}},"loc":{"start":{"line":20,"column":0},"end":{"line":27,"column":null}}},"2":{"name":"(anonymous_3)","decl":{"start":{"line":24,"column":0},"end":{"line":24,"column":null}},"loc":{"start":{"line":24,"column":0},"end":{"line":24,"column":null}}},"3":{"name":"(anonymous_4)","decl":{"start":{"line":30,"column":0},"end":{"line":30,"column":null}},"loc":{"start":{"line":30,"column":0},"end":{"line":35,"column":null}}},"4":{"name":"(anonymous_5)","decl":{"start":{"line":36,"column":0},"end":{"line":36,"column":null}},"loc":{"start":{"line":36,"column":0},"end":{"line":41,"column":null}}}},"branchMap":{"0":{"loc":{"start":{"line":32,"column":0},"end":{"line":34,"column":null}},"type":"if","locations":[{"start":{"line":32,"column":0},"end":{"line":34,"column":null}},{"start":{"line":32,"column":0},"end":{"line":34,"column":null}}]},"1":{"loc":{"start":{"line":37,"column":0},"end":{"line":40,"column":null}},"type":"if","locations":[{"start":{"line":37,"column":0},"end":{"line":40,"column":null}},{"start":{"line":37,"column":0},"end":{"line":40,"column":null}}]}},"s":{"0":2,"1":2,"2":1,"3":3,"4":1,"5":2,"6":1,"7":1},"f":{"0":2,"1":2,"2":1,"3":3,"4":2},"b":{"0":[1,2],"1":[1,1]}}
}
