TN:
SF:/Users/yuangong/workspace/homework/vue组件封装的基本思路/杨磊/src/components/BaseAutoComplete/index.vue
FN:44,(anonymous_1)
FN:50,(anonymous_2)
FN:54,(anonymous_3)
FNF:3
FNH:0
FNDA:0,(anonymous_1)
FNDA:0,(anonymous_2)
FNDA:0,(anonymous_3)
DA:21,0
DA:22,0
DA:45,0
DA:51,0
DA:52,0
DA:55,0
DA:56,0
DA:57,0
DA:61,0
LF:9
LH:0
BRDA:56,0,0,0
BRDA:56,0,1,0
BRF:2
BRH:0
end_of_record
TN:
SF:/Users/yuangong/workspace/homework/vue组件封装的基本思路/杨磊/src/components/BaseInput/index.vue
FN:14,(anonymous_1)
FN:20,(anonymous_2)
FN:24,(anonymous_3)
FN:30,(anonymous_4)
FN:36,(anonymous_5)
FNF:5
FNH:5
FNDA:2,(anonymous_1)
FNDA:2,(anonymous_2)
FNDA:1,(anonymous_3)
FNDA:3,(anonymous_4)
FNDA:2,(anonymous_5)
DA:15,2
DA:21,2
DA:24,1
DA:32,3
DA:33,1
DA:37,2
DA:38,1
DA:39,1
LF:8
LH:8
BRDA:32,0,0,1
BRDA:32,0,1,2
BRDA:37,1,0,1
BRDA:37,1,1,1
BRF:4
BRH:4
end_of_record
