TN:
SF:/Users/yuangong/workspace/homework/vue组件封装的基本思路/杨磊/src/components/BaseAutoComplete/SuggestionItem.vue
FN:28,(anonymous_1)
FNF:1
FNH:1
FNDA:2,(anonymous_1)
DA:29,2
DA:30,2
DA:32,2
DA:33,2
DA:37,2
DA:39,0
DA:40,0
DA:41,0
DA:42,0
DA:43,0
DA:46,0
DA:47,0
DA:51,0
DA:53,0
DA:54,0
DA:55,0
DA:56,0
DA:61,0
DA:65,0
DA:69,0
DA:70,0
DA:76,0
DA:78,0
LF:23
LH:5
BRDA:32,0,0,2
BRDA:32,0,1,0
BRDA:46,1,0,0
BRDA:46,1,1,0
BRDA:55,2,0,0
BRDA:55,2,1,0
BRDA:65,3,0,0
BRDA:65,3,1,0
BRDA:65,4,0,0
BRDA:65,4,1,0
BRDA:69,5,0,0
BRDA:69,5,1,0
BRF:12
BRH:1
end_of_record
TN:
SF:/Users/yuangong/workspace/homework/vue组件封装的基本思路/杨磊/src/components/BaseAutoComplete/index.vue
FN:67,(anonymous_1)
FN:75,(anonymous_2)
FN:80,(anonymous_3)
FN:84,(anonymous_4)
FN:88,(anonymous_5)
FN:94,(anonymous_6)
FN:102,(anonymous_7)
FN:107,(anonymous_8)
FNF:8
FNH:8
FNDA:2,(anonymous_1)
FNDA:3,(anonymous_2)
FNDA:1,(anonymous_3)
FNDA:1,(anonymous_4)
FNDA:1,(anonymous_5)
FNDA:2,(anonymous_6)
FNDA:4,(anonymous_7)
FNDA:4,(anonymous_8)
DA:34,1
DA:35,1
DA:36,1
DA:68,2
DA:76,3
DA:81,1
DA:82,1
DA:85,1
DA:86,1
DA:89,1
DA:90,1
DA:91,1
DA:92,1
DA:95,2
DA:96,2
DA:97,0
DA:101,2
DA:102,6
DA:105,2
DA:108,4
DA:109,2
DA:111,2
DA:112,2
DA:113,2
LF:24
LH:23
BRDA:76,0,0,3
BRDA:76,0,1,2
BRDA:96,1,0,0
BRDA:96,1,1,2
BRDA:101,2,0,2
BRDA:101,2,1,2
BRDA:108,3,0,2
BRDA:108,3,1,2
BRF:8
BRH:7
end_of_record
TN:
SF:/Users/yuangong/workspace/homework/vue组件封装的基本思路/杨磊/src/components/BaseInput/index.vue
FN:14,(anonymous_1)
FN:20,(anonymous_2)
FN:24,(anonymous_3)
FN:30,(anonymous_4)
FN:36,(anonymous_5)
FNF:5
FNH:5
FNDA:5,(anonymous_1)
FNDA:8,(anonymous_2)
FNDA:1,(anonymous_3)
FNDA:3,(anonymous_4)
FNDA:2,(anonymous_5)
DA:15,5
DA:21,8
DA:24,1
DA:32,3
DA:33,1
DA:37,2
DA:38,1
DA:39,1
LF:8
LH:8
BRDA:32,0,0,1
BRDA:32,0,1,2
BRDA:37,1,0,1
BRDA:37,1,1,1
BRF:4
BRH:4
end_of_record
